{
  "RSpec": {
    "coverage": {
      "/Users/marco/me/marco-coding-challenge/config/app.rb": [
        1,
        1,
        1,
        1,
        1,
        null,
        1,
        null,
        1,
        16,
        13,
        13,
        13
      ],
      "/Users/marco/me/marco-coding-challenge/models/character.rb": [
        1,
        1,
        null,
        1,
        6,
        6,
        6,
        6,
        6,
        6,
        null,
        null
      ],
      "/Users/marco/me/marco-coding-challenge/models/story.rb": [
        1,
        1,
        null,
        1,
        16,
        16,
        16,
        16,
        null,
        null
      ],
      "/Users/marco/me/marco-coding-challenge/serializers/story_serializer.rb": [
        1,
        1,
        1,
        null
      ],
      "/Users/marco/me/marco-coding-challenge/serializers/character_serializer.rb": [
        1,
        1,
        1,
        null
      ],
      "/Users/marco/me/marco-coding-challenge/controllers/main_controller.rb": [
        1,
        1,
        6,
        6,
        6,
        null,
        null,
        1,
        0,
        0,
        null,
        null,
        1,
        2,
        2,
        null,
        null,
        1,
        2,
        null,
        null,
        null,
        null,
        2,
        null,
        null,
        1,
        2,
        2,
        null,
        null,
        1,
        null,
        1,
        6,
        3,
        null,
        null,
        null,
        null,
        3,
        null,
        null,
        null
      ],
      "/Users/marco/me/marco-coding-challenge/helpers/thumbnail_helper.rb": [
        1,
        1,
        1,
        1,
        1,
        null,
        1,
        1,
        6,
        null,
        null,
        null
      ],
      "/Users/marco/me/marco-coding-challenge/services/marvel/http.rb": [
        1,
        1,
        1,
        null,
        1,
        1,
        1,
        null,
        1,
        9,
        null,
        null,
        null,
        null,
        null,
        9,
        9,
        null,
        null,
        null,
        1,
        null,
        9,
        9,
        9,
        null,
        null,
        null,
        0,
        null,
        9,
        null,
        null,
        null
      ],
      "/Users/marco/me/marco-coding-challenge/services/marvel/server_errors.rb": [
        1,
        1,
        1,
        9,
        9,
        null,
        2,
        null,
        0,
        null,
        null,
        null,
        null,
        1,
        9,
        null,
        null,
        null
      ],
      "/Users/marco/me/marco-coding-challenge/services/marvel/client.rb": [
        1,
        1,
        1,
        9,
        null,
        null,
        1,
        3,
        3,
        null,
        null,
        1,
        3,
        null,
        null,
        null,
        null,
        3,
        null,
        null,
        1,
        3,
        3,
        null,
        null,
        1,
        null,
        1,
        6,
        null,
        null,
        null
      ],
      "/Users/marco/me/marco-coding-challenge/services/marvel/auth.rb": [
        1,
        null,
        1,
        1,
        1,
        1,
        null,
        9,
        null,
        null,
        9,
        null,
        null,
        null,
        null,
        null,
        1,
        null,
        1,
        9,
        null,
        null,
        null,
        null
      ],
      "/Users/marco/me/marco-coding-challenge/services/error/logger.rb": [
        1,
        1,
        1,
        1,
        2,
        null,
        null,
        1,
        2,
        2,
        null,
        null,
        null,
        1,
        0,
        0,
        null,
        null,
        1,
        0,
        null,
        null,
        null,
        null
      ],
      "/Users/marco/me/marco-coding-challenge/services/response_handler.rb": [
        1,
        1,
        9,
        9,
        9,
        null,
        null,
        null,
        1,
        12,
        null,
        null,
        1,
        9,
        null,
        null,
        1,
        8,
        null,
        null,
        1,
        9,
        6,
        22,
        22,
        null,
        3,
        1,
        null,
        2,
        null,
        null,
        null
      ],
      "/Users/marco/me/marco-coding-challenge/spec/controllers/main_controller_spec.rb": [
        1,
        1,
        null,
        1,
        1,
        1,
        1,
        null,
        null,
        null,
        null,
        1,
        null,
        null,
        1,
        null,
        null,
        1,
        1,
        null,
        null,
        null,
        null,
        1,
        null,
        1,
        null,
        null,
        null,
        1,
        1,
        1,
        null,
        null,
        null,
        null,
        1,
        null,
        null,
        1,
        null,
        null,
        1,
        1,
        null,
        null,
        null,
        null,
        1,
        null,
        1,
        null,
        null,
        null,
        1,
        1,
        1,
        null,
        null,
        null,
        null,
        1,
        null,
        null,
        1,
        null,
        null,
        1,
        1,
        null,
        null,
        null,
        null,
        1,
        null,
        1,
        null,
        null,
        null
      ],
      "/Users/marco/me/marco-coding-challenge/spec/services/marvel/client_spec.rb": [
        1,
        null,
        1,
        1,
        1,
        null,
        null,
        null,
        null,
        1,
        null,
        null,
        null,
        1,
        1,
        null,
        null,
        null,
        null,
        1,
        null,
        null,
        null,
        1,
        1,
        null,
        null,
        null,
        null,
        1,
        null,
        null,
        null,
        1,
        1,
        1,
        1,
        null,
        null,
        1,
        1,
        1,
        null,
        null,
        1,
        1,
        null,
        null
      ]
    },
    "timestamp": 1577661203
  }
}
